Unity Editor version:    2020.3.27f1 (e759542391ea)
Branch:                  2020.3/release
Build type:              Release
Batch mode:              YES
macOS version:           Version 11.7.10 (Build 20G1427)
Darwin version:          20.6.0
Architecture:            x86_64
Running under Rosetta:   NO
Available memory:        16384 MB
Using pre-set license
Pro License: NO

COMMAND LINE ARGUMENTS:
/Applications/2020.3.27f1/Unity.app/Contents/MacOS/Unity
-adb2
-batchMode
-noUpm
-name
AssetImportWorker0
-projectPath
/Users/game12/2d adventure game
-logFile
Logs/AssetImportWorker0.log
-srvPort
49599
Successfully changed project path to: /Users/game12/2d adventure game
/Users/game12/2d adventure game
Using Asset Import Pipeline V2.
Refreshing native plugins compatible for Editor in 40.31 ms, found 3 plugins.
Preloading 0 native plugins for Editor in 0.00 ms.
Initialize engine version: 2020.3.27f1 (e759542391ea)
[Subsystems] Discovering subsystems at path /Applications/2020.3.27f1/Unity.app/Contents/Resources/UnitySubsystems
[Subsystems] Discovering subsystems at path /Users/game12/2d adventure game/Assets
GfxDevice: creating device client; threaded=0
2024-11-06 09:13:20.137 Unity[1371:31464] iMac preferred device: AMD Radeon Pro 5500 XT (high power)
2024-11-06 09:13:20.137 Unity[1371:31464] Metal devices available: 1
2024-11-06 09:13:20.138 Unity[1371:31464] 0: AMD Radeon Pro 5500 XT (high power)
2024-11-06 09:13:20.138 Unity[1371:31464] Using device AMD Radeon Pro 5500 XT (high power)
Initializing Metal device caps: AMD Radeon Pro 5500 XT
Initialize mono
Mono path[0] = '/Applications/2020.3.27f1/Unity.app/Contents/Managed'
Mono path[1] = '/Applications/2020.3.27f1/Unity.app/Contents/MonoBleedingEdge/lib/mono/unityjit'
Mono config path = '/Applications/2020.3.27f1/Unity.app/Contents/MonoBleedingEdge/etc'
Using monoOptions --debugger-agent=transport=dt_socket,embedding=1,server=y,suspend=n,address=127.0.0.1:56371
Begin MonoManager ReloadAssembly
Registering precompiled unity dll's ...
Register platform support module: /Applications/2020.3.27f1/Unity.app/Contents/PlaybackEngines/MacStandaloneSupport/UnityEditor.OSXStandalone.Extensions.dll
Registered in 0.000456 seconds.
Native extension for OSXStandalone target not found
Refreshing native plugins compatible for Editor in 42.36 ms, found 3 plugins.
Preloading 0 native plugins for Editor in 0.00 ms.
Mono: successfully reloaded assembly
- Completed reload, in  0.534 seconds
Domain Reload Profiling:
	ReloadAssembly (534ms)
		BeginReloadAssembly (37ms)
			ExecutionOrderSort (0ms)
			DisableScriptedObjects (0ms)
			BackupInstance (0ms)
			ReleaseScriptingObjects (0ms)
			CreateAndSetChildDomain (1ms)
		EndReloadAssembly (432ms)
			LoadAssemblies (36ms)
			RebuildTransferFunctionScriptingTraits (0ms)
			SetupTypeCache (156ms)
			ReleaseScriptCaches (0ms)
			RebuildScriptCaches (33ms)
			SetupLoadedEditorAssemblies (170ms)
				LogAssemblyErrors (0ms)
				InitializePlatformSupportModulesInManaged (4ms)
				SetLoadedEditorAssemblies (0ms)
				RefreshPlugins (42ms)
				BeforeProcessingInitializeOnLoad (7ms)
				ProcessInitializeOnLoadAttributes (90ms)
				ProcessInitializeOnLoadMethodAttributes (26ms)
				AfterProcessingInitializeOnLoad (0ms)
				EditorAssembliesLoaded (0ms)
			ExecutionOrderSort2 (0ms)
			AwakeInstancesAfterBackupRestoration (0ms)
Platform modules already initialized, skipping
Registering precompiled user dll's ...
Registered in 0.001820 seconds.
Begin MonoManager ReloadAssembly
Native extension for OSXStandalone target not found
Refreshing native plugins compatible for Editor in 40.55 ms, found 3 plugins.
Preloading 0 native plugins for Editor in 0.00 ms.
Mono: successfully reloaded assembly
- Completed reload, in  1.076 seconds
Domain Reload Profiling:
	ReloadAssembly (1077ms)
		BeginReloadAssembly (134ms)
			ExecutionOrderSort (0ms)
			DisableScriptedObjects (4ms)
			BackupInstance (0ms)
			ReleaseScriptingObjects (0ms)
			CreateAndSetChildDomain (26ms)
		EndReloadAssembly (887ms)
			LoadAssemblies (67ms)
			RebuildTransferFunctionScriptingTraits (0ms)
			SetupTypeCache (326ms)
			ReleaseScriptCaches (0ms)
			RebuildScriptCaches (51ms)
			SetupLoadedEditorAssemblies (331ms)
				LogAssemblyErrors (0ms)
				InitializePlatformSupportModulesInManaged (3ms)
				SetLoadedEditorAssemblies (0ms)
				RefreshPlugins (41ms)
				BeforeProcessingInitializeOnLoad (52ms)
				ProcessInitializeOnLoadAttributes (220ms)
				ProcessInitializeOnLoadMethodAttributes (14ms)
				AfterProcessingInitializeOnLoad (1ms)
				EditorAssembliesLoaded (0ms)
			ExecutionOrderSort2 (0ms)
			AwakeInstancesAfterBackupRestoration (5ms)
Platform modules already initialized, skipping
Validating Project structure ... 0.002139 seconds.
Shader import version has changed; will reimport all shaders...
Upgrading shader files ...0.002965 seconds.
Application.AssetDatabase Initial Script Refresh Start
RefreshInfo: InitialScriptRefreshV2(NoUpdateAssetOptions) scanfilter:  ... 1 filters
RefreshProfiler: Total: 0.000ms
Application.AssetDatabase Initial Script Refresh End
Application.AssetDatabase.Refresh Start
Application.AssetDatabase.Refresh End
RefreshInfo: StopAssetImportingV2(ForceSynchronousImport) scanfilter: 
RefreshProfiler: Total: 0.000ms
Launching external process: /Applications/2020.3.27f1/Unity.app/Contents/Tools/UnityShaderCompiler
Launched and connected shader compiler UnityShaderCompiler after 0.01 seconds
Initializing Unity extensions:
========================================================================
Worker process is ready to serve import requests
Refreshing native plugins compatible for Editor in 0.32 ms, found 3 plugins.
Preloading 0 native plugins for Editor in 0.00 ms.
Unloading 2537 Unused Serialized files (Serialized files now loaded: 0)
System memory in use before: 229.5 MB.
System memory in use after: 228.8 MB.

Unloading 116 unused Assets to reduce memory usage. Loaded Objects now: 3010.
Total: 2.901975 ms (FindLiveObjects: 0.161837 ms CreateObjectMapping: 0.085658 ms MarkObjects: 2.271761 ms  DeleteObjects: 0.382168 ms)

AssetImportParameters requested are different than current active one (requested -> active):
  custom:video-decoder-ogg-theora: a1e56fd34408186e4bbccfd4996cb3dc -> 
  custom:container-muxer-webm: aa71ff27fc2769a1b78a27578f13a17b -> 
  custom:container-demuxer-webm: 4f35f7cbe854078d1ac9338744f61a02 -> 
  custom:container-demuxer-ogg: 62fdf1f143b41e24485cea50d1cbac27 -> 
  custom:video-encoder-webm-vp8: eb34c28f22e8b96e1ab97ce403110664 -> 
  custom:framework-osx-AVFoundation: e770b220cccbd017edd2c1fefb359320 -> 
  custom:video-decoder-webm-vp8: 9c59270c3fd7afecdb556c50c9e8de78 -> 
  custom:audio-decoder-ogg-vorbis: bf7c407c2cedff20999df2af8eb42d56 -> 
  custom:audio-encoder-webm-vorbis: bf7c407c2cedff20999df2af8eb42d56 -> 
========================================================================
Received Import Request.
  path: Assets/UnityTechnologies/StarterAsset/Art/Tiles
  artifactKey: Guid(8540a8ff16b6649b394daf37cd6529d2) Importer(815301076,1909f56bfc062723c751e8b465ee728b)
Start importing Assets/UnityTechnologies/StarterAsset/Art/Tiles using Guid(8540a8ff16b6649b394daf37cd6529d2) Importer(815301076,1909f56bfc062723c751e8b465ee728b)  -> (artifact id: 'dd63a3dd36493a5ac68889bd86d79b93') in 0.004166 seconds 
  Import took 0.006723 seconds .

========================================================================
Received Import Request.
  Time since last request: 16.368830 seconds.
  path: Assets/UnityTechnologies/StarterAsset/Art/Tiles/Rectangular Palette.prefab
  artifactKey: Guid(d4aa43704dd474cbeb9d5baed0be6b3d) Importer(815301076,1909f56bfc062723c751e8b465ee728b)
Start importing Assets/UnityTechnologies/StarterAsset/Art/Tiles/Rectangular Palette.prefab using Guid(d4aa43704dd474cbeb9d5baed0be6b3d) Importer(815301076,1909f56bfc062723c751e8b465ee728b)  -> (artifact id: '1478e3fddcd57f92cf8a98dcb9910f9a') in 0.955568 seconds 
  Import took 0.961437 seconds .

========================================================================
Received Import Request.
  Time since last request: 57.555732 seconds.
  path: Assets/UnityTechnologies/StarterAsset/Art/Ducko/Tile1.png
  artifactKey: Guid(8ad785d38ebea72418c0b25a9ca7be7d) Importer(815301076,1909f56bfc062723c751e8b465ee728b)
Start importing Assets/UnityTechnologies/StarterAsset/Art/Ducko/Tile1.png using Guid(8ad785d38ebea72418c0b25a9ca7be7d) Importer(815301076,1909f56bfc062723c751e8b465ee728b)  -> (artifact id: '81df090aca94226e6178a8f8db496d7c') in 0.705910 seconds 
  Import took 0.711651 seconds .

========================================================================
Received Import Request.
  Time since last request: 48.184275 seconds.
  path: Assets/UnityTechnologies/StarterAsset/Art/Ducko/Tile2.png
  artifactKey: Guid(d4c092827f3a18545ad26da303fd1cb6) Importer(815301076,1909f56bfc062723c751e8b465ee728b)
Start importing Assets/UnityTechnologies/StarterAsset/Art/Ducko/Tile2.png using Guid(d4c092827f3a18545ad26da303fd1cb6) Importer(815301076,1909f56bfc062723c751e8b465ee728b)  -> (artifact id: 'cb4a40003a7993e0c86f92ed87c33171') in 0.010105 seconds 
  Import took 0.013628 seconds .

========================================================================
Received Import Request.
  Time since last request: 538.552230 seconds.
  path: Assets/UnityTechnologies/StarterAsset/Art/Ducko/Environmnent
  artifactKey: Guid(5d8ec53d76ac1c5408ab93828b6be2f4) Importer(815301076,1909f56bfc062723c751e8b465ee728b)
Start importing Assets/UnityTechnologies/StarterAsset/Art/Ducko/Environmnent using Guid(5d8ec53d76ac1c5408ab93828b6be2f4) Importer(815301076,1909f56bfc062723c751e8b465ee728b)  -> (artifact id: '581e03e0b7160c327f320ed2e6f0e9f2') in 0.000916 seconds 
  Import took 0.004428 seconds .

========================================================================
Received Import Request.
  Time since last request: 0.841482 seconds.
  path: Assets/UnityTechnologies/StarterAsset/Art/Ducko/Environmnent/DamageZone.png
  artifactKey: Guid(3325234d9883550489ddb29f3e66f9c1) Importer(815301076,1909f56bfc062723c751e8b465ee728b)
Start importing Assets/UnityTechnologies/StarterAsset/Art/Ducko/Environmnent/DamageZone.png using Guid(3325234d9883550489ddb29f3e66f9c1) Importer(815301076,1909f56bfc062723c751e8b465ee728b)  -> (artifact id: '88c2d53acc5d42ee9469cb68d0148b87') in 0.010749 seconds 
  Import took 0.014485 seconds .

========================================================================
Received Import Request.
  Time since last request: 0.000142 seconds.
  path: Assets/UnityTechnologies/StarterAsset/Art/Ducko/Environmnent/Decoration_2.png
  artifactKey: Guid(45130b74f6f00be4ba1b0a5b37d7e997) Importer(815301076,1909f56bfc062723c751e8b465ee728b)
Start importing Assets/UnityTechnologies/StarterAsset/Art/Ducko/Environmnent/Decoration_2.png using Guid(45130b74f6f00be4ba1b0a5b37d7e997) Importer(815301076,1909f56bfc062723c751e8b465ee728b)  -> (artifact id: 'ea94cc1b9f882daeb2b36462aa38aa37') in 0.012375 seconds 
  Import took 0.015772 seconds .

========================================================================
Received Import Request.
  Time since last request: 0.000151 seconds.
  path: Assets/UnityTechnologies/StarterAsset/Art/Ducko/Environmnent/Decoration_7.png
  artifactKey: Guid(7016235154b558546b1445d5224e9688) Importer(815301076,1909f56bfc062723c751e8b465ee728b)
Start importing Assets/UnityTechnologies/StarterAsset/Art/Ducko/Environmnent/Decoration_7.png using Guid(7016235154b558546b1445d5224e9688) Importer(815301076,1909f56bfc062723c751e8b465ee728b)  -> (artifact id: '8f159f3deebc6819868d82c4fec82c9c') in 0.010979 seconds 
  Import took 0.014286 seconds .

========================================================================
Received Import Request.
  Time since last request: 0.000151 seconds.
  path: Assets/UnityTechnologies/StarterAsset/Art/Ducko/Environmnent/FloorGrassToBricksSquare.png
  artifactKey: Guid(706727f9d7b908541ae34b2303650f46) Importer(815301076,1909f56bfc062723c751e8b465ee728b)
Start importing Assets/UnityTechnologies/StarterAsset/Art/Ducko/Environmnent/FloorGrassToBricksSquare.png using Guid(706727f9d7b908541ae34b2303650f46) Importer(815301076,1909f56bfc062723c751e8b465ee728b)  -> (artifact id: 'e24b2ab433c85657544f70bd87380c1d') in 0.009906 seconds 
  Import took 0.013090 seconds .

========================================================================
Received Import Request.
  Time since last request: 0.000144 seconds.
  path: Assets/UnityTechnologies/StarterAsset/Art/Ducko/Environmnent/VerticalFalloff.png
  artifactKey: Guid(0be9c4312549cfa4f9a0fe5946274874) Importer(815301076,1909f56bfc062723c751e8b465ee728b)
Start importing Assets/UnityTechnologies/StarterAsset/Art/Ducko/Environmnent/VerticalFalloff.png using Guid(0be9c4312549cfa4f9a0fe5946274874) Importer(815301076,1909f56bfc062723c751e8b465ee728b)  -> (artifact id: '66b6a2f015f0828c1a9faf8575983225') in 0.010223 seconds 
  Import took 0.013533 seconds .

========================================================================
Received Import Request.
  Time since last request: 0.000149 seconds.
  path: Assets/UnityTechnologies/StarterAsset/Art/Ducko/Environmnent/FloorGrassToBricksCorner.png
  artifactKey: Guid(4fb4eb60cbde78c44a0c63c8b475cd9f) Importer(815301076,1909f56bfc062723c751e8b465ee728b)
Start importing Assets/UnityTechnologies/StarterAsset/Art/Ducko/Environmnent/FloorGrassToBricksCorner.png using Guid(4fb4eb60cbde78c44a0c63c8b475cd9f) Importer(815301076,1909f56bfc062723c751e8b465ee728b)  -> (artifact id: '6f0e43ec4158a0df95128d12d1fffe41') in 0.011131 seconds 
  Import took 0.014660 seconds .

========================================================================
Received Import Request.
  Time since last request: 0.000155 seconds.
  path: Assets/UnityTechnologies/StarterAsset/Art/Ducko/Environmnent/Decoration_3.png
  artifactKey: Guid(7eacbad3a4a7642409aa97cccf8ca843) Importer(815301076,1909f56bfc062723c751e8b465ee728b)
Start importing Assets/UnityTechnologies/StarterAsset/Art/Ducko/Environmnent/Decoration_3.png using Guid(7eacbad3a4a7642409aa97cccf8ca843) Importer(815301076,1909f56bfc062723c751e8b465ee728b)  -> (artifact id: '2abafb5d5622b6e301d880ef1c14557f') in 0.014376 seconds 
  Import took 0.017513 seconds .

========================================================================
Received Import Request.
  Time since last request: 0.000141 seconds.
  path: Assets/UnityTechnologies/StarterAsset/Art/Ducko/Environmnent/FloorBlueGrassToVertical.png
  artifactKey: Guid(fbb8370f7efa7664d8c4c01884ab2c12) Importer(815301076,1909f56bfc062723c751e8b465ee728b)
Start importing Assets/UnityTechnologies/StarterAsset/Art/Ducko/Environmnent/FloorBlueGrassToVertical.png using Guid(fbb8370f7efa7664d8c4c01884ab2c12) Importer(815301076,1909f56bfc062723c751e8b465ee728b)  -> (artifact id: '1bf783201e5b36957b7d36684d89a7f5') in 0.011440 seconds 
  Import took 0.014792 seconds .

========================================================================
Received Import Request.
  Time since last request: 0.000152 seconds.
  path: Assets/UnityTechnologies/StarterAsset/Art/Ducko/Environmnent/Decoration_8.png
  artifactKey: Guid(01aa7f9f03864f345a61f91a19f56428) Importer(815301076,1909f56bfc062723c751e8b465ee728b)
Start importing Assets/UnityTechnologies/StarterAsset/Art/Ducko/Environmnent/Decoration_8.png using Guid(01aa7f9f03864f345a61f91a19f56428) Importer(815301076,1909f56bfc062723c751e8b465ee728b)  -> (artifact id: '115c62d721d157bafac1689c9b1ebda5') in 0.010082 seconds 
  Import took 0.014106 seconds .

========================================================================
Received Import Request.
  Time since last request: 0.000189 seconds.
  path: Assets/UnityTechnologies/StarterAsset/Art/Ducko/Environmnent/FloorBlueGrassToVerticalFlipped.png
  artifactKey: Guid(3cab4bbf36a2cf04aa37625f49ab1b70) Importer(815301076,1909f56bfc062723c751e8b465ee728b)
Start importing Assets/UnityTechnologies/StarterAsset/Art/Ducko/Environmnent/FloorBlueGrassToVerticalFlipped.png using Guid(3cab4bbf36a2cf04aa37625f49ab1b70) Importer(815301076,1909f56bfc062723c751e8b465ee728b)  -> (artifact id: 'f7743fd27186de9bd16fc5a9c3b2cb5b') in 0.011531 seconds 
  Import took 0.015083 seconds .

========================================================================
Received Import Request.
  Time since last request: 0.000161 seconds.
  path: Assets/UnityTechnologies/StarterAsset/Art/Ducko/Environmnent/Decoration_5.png
  artifactKey: Guid(66968c77a5567324387f9ff6a5d241bf) Importer(815301076,1909f56bfc062723c751e8b465ee728b)
Start importing Assets/UnityTechnologies/StarterAsset/Art/Ducko/Environmnent/Decoration_5.png using Guid(66968c77a5567324387f9ff6a5d241bf) Importer(815301076,1909f56bfc062723c751e8b465ee728b)  -> (artifact id: '61a15de8f9cf075dae5bbbcc40d0c448') in 0.010385 seconds 
  Import took 0.013847 seconds .

========================================================================
Received Import Request.
  Time since last request: 0.000201 seconds.
  path: Assets/UnityTechnologies/StarterAsset/Art/Ducko/Environmnent/Decoration_1.png
  artifactKey: Guid(f5e853af8656e25428b72c63612959c4) Importer(815301076,1909f56bfc062723c751e8b465ee728b)
Start importing Assets/UnityTechnologies/StarterAsset/Art/Ducko/Environmnent/Decoration_1.png using Guid(f5e853af8656e25428b72c63612959c4) Importer(815301076,1909f56bfc062723c751e8b465ee728b)  -> (artifact id: '824d5b2e89dc892a6cef0b6ed08d901e') in 0.012256 seconds 
  Import took 0.015697 seconds .

========================================================================
Received Import Request.
  Time since last request: 0.000167 seconds.
  path: Assets/UnityTechnologies/StarterAsset/Art/Ducko/Environmnent/FloorWaterRoundCorners.png
  artifactKey: Guid(8dfedb129e3108147867a7acca7b13a7) Importer(815301076,1909f56bfc062723c751e8b465ee728b)
Start importing Assets/UnityTechnologies/StarterAsset/Art/Ducko/Environmnent/FloorWaterRoundCorners.png using Guid(8dfedb129e3108147867a7acca7b13a7) Importer(815301076,1909f56bfc062723c751e8b465ee728b)  -> (artifact id: 'd6046762d8b0a9abeb12923efdbd6e0c') in 0.011252 seconds 
  Import took 0.014870 seconds .

========================================================================
Received Import Request.
  Time since last request: 0.000174 seconds.
  path: Assets/UnityTechnologies/StarterAsset/Art/Ducko/Environmnent/Decoration_4.png
  artifactKey: Guid(23d8df0218475df46be56a8143990f00) Importer(815301076,1909f56bfc062723c751e8b465ee728b)
Start importing Assets/UnityTechnologies/StarterAsset/Art/Ducko/Environmnent/Decoration_4.png using Guid(23d8df0218475df46be56a8143990f00) Importer(815301076,1909f56bfc062723c751e8b465ee728b)  -> (artifact id: '799bb0eba4e73b0fcd34a319e3db6036') in 0.009948 seconds 
  Import took 0.013615 seconds .

========================================================================
Received Import Request.
  Time since last request: 0.000163 seconds.
  path: Assets/UnityTechnologies/StarterAsset/Art/Ducko/Environmnent/Decoration_3_Shadow.png
  artifactKey: Guid(79791f7be235088459055342c21bc928) Importer(815301076,1909f56bfc062723c751e8b465ee728b)
Start importing Assets/UnityTechnologies/StarterAsset/Art/Ducko/Environmnent/Decoration_3_Shadow.png using Guid(79791f7be235088459055342c21bc928) Importer(815301076,1909f56bfc062723c751e8b465ee728b)  -> (artifact id: 'd350110c3c6140cb5337109e3119041e') in 0.012870 seconds 
  Import took 0.016320 seconds .

========================================================================
Received Import Request.
  Time since last request: 0.000158 seconds.
  path: Assets/UnityTechnologies/StarterAsset/Art/Ducko/Environmnent/FloorBlueGrassToVerticalFalloff.png
  artifactKey: Guid(800b1f8aa84b8f54bb032207e0254e2a) Importer(815301076,1909f56bfc062723c751e8b465ee728b)
Start importing Assets/UnityTechnologies/StarterAsset/Art/Ducko/Environmnent/FloorBlueGrassToVerticalFalloff.png using Guid(800b1f8aa84b8f54bb032207e0254e2a) Importer(815301076,1909f56bfc062723c751e8b465ee728b)  -> (artifact id: 'bff295f05133ae0cdfcf5602539d6a2f') in 0.010036 seconds 
  Import took 0.013203 seconds .

========================================================================
Received Import Request.
  Time since last request: 0.000144 seconds.
  path: Assets/UnityTechnologies/StarterAsset/Art/Ducko/Environmnent/Decoration_12.png
  artifactKey: Guid(969741e5ac68b264c98b3305e6546d6f) Importer(815301076,1909f56bfc062723c751e8b465ee728b)
Start importing Assets/UnityTechnologies/StarterAsset/Art/Ducko/Environmnent/Decoration_12.png using Guid(969741e5ac68b264c98b3305e6546d6f) Importer(815301076,1909f56bfc062723c751e8b465ee728b)  -> (artifact id: '467e21312e5bf59b43057819dfcec9d6') in 0.011246 seconds 
  Import took 0.014269 seconds .

========================================================================
Received Import Request.
  Time since last request: 0.000155 seconds.
  path: Assets/UnityTechnologies/StarterAsset/Art/Ducko/Environmnent/FloorBricksToGrassSquare.png
  artifactKey: Guid(ac797677eb52ba746873f115c919c504) Importer(815301076,1909f56bfc062723c751e8b465ee728b)
Start importing Assets/UnityTechnologies/StarterAsset/Art/Ducko/Environmnent/FloorBricksToGrassSquare.png using Guid(ac797677eb52ba746873f115c919c504) Importer(815301076,1909f56bfc062723c751e8b465ee728b)  -> (artifact id: '0766d0dd0036649d300b29bffc3a3f32') in 0.009959 seconds 
  Import took 0.013246 seconds .

========================================================================
Received Import Request.
  Time since last request: 0.000157 seconds.
  path: Assets/UnityTechnologies/StarterAsset/Art/Ducko/Environmnent/Decoration_11.png
  artifactKey: Guid(cabf70a81f6d2e24b8fe258e1f8f6fd3) Importer(815301076,1909f56bfc062723c751e8b465ee728b)
Start importing Assets/UnityTechnologies/StarterAsset/Art/Ducko/Environmnent/Decoration_11.png using Guid(cabf70a81f6d2e24b8fe258e1f8f6fd3) Importer(815301076,1909f56bfc062723c751e8b465ee728b)  -> (artifact id: '81803737b6be27c1979b44432fb34a7f') in 0.010551 seconds 
  Import took 0.013840 seconds .

========================================================================
Received Import Request.
  Time since last request: 0.000149 seconds.
  path: Assets/UnityTechnologies/StarterAsset/Art/Ducko/Environmnent/Decoration_6.png
  artifactKey: Guid(82d5688758c3b77419f8685039b754e5) Importer(815301076,1909f56bfc062723c751e8b465ee728b)
Start importing Assets/UnityTechnologies/StarterAsset/Art/Ducko/Environmnent/Decoration_6.png using Guid(82d5688758c3b77419f8685039b754e5) Importer(815301076,1909f56bfc062723c751e8b465ee728b)  -> (artifact id: '647025f4e7be9646025bfb9e666832c2') in 0.010588 seconds 
  Import took 0.013911 seconds .

========================================================================
Received Import Request.
  Time since last request: 0.000142 seconds.
  path: Assets/UnityTechnologies/StarterAsset/Art/Ducko/Environmnent/VerticalFalloffFade.png
  artifactKey: Guid(aaf1c634f47c03c4ba90c074f431b1f0) Importer(815301076,1909f56bfc062723c751e8b465ee728b)
Start importing Assets/UnityTechnologies/StarterAsset/Art/Ducko/Environmnent/VerticalFalloffFade.png using Guid(aaf1c634f47c03c4ba90c074f431b1f0) Importer(815301076,1909f56bfc062723c751e8b465ee728b)  -> (artifact id: 'a165b5eeecc68e28416a965bfbf3f546') in 0.010187 seconds 
  Import took 0.013329 seconds .

AssetImportWorkerClient::OnTransportError - code=2 error=End of file
